<?xml version="1.0" encoding="UTF-8"?>
<!-- Generated by org.testng.reporters.JUnitReportReporter -->
<testsuite hostname="Macs-Air.home" failures="0" tests="2" name="UPSTests.UPSLoginTest" time="9.617" errors="0" timestamp="14 May 2020 11:00:13 GMT" skipped="0">
  <testcase classname="UPSTests.UPSLoginTest" name="logotest" time="3.870"/>
  <testcase classname="UPSTests.UPSLoginTest" name="logintest" time="5.747"/>
</testsuite> <!-- UPSTests.UPSLoginTest -->
