<?xml version="1.0" encoding="UTF-8"?>
<!-- Generated by org.testng.reporters.JUnitReportReporter -->
<testsuite hostname="Macs-Air.home" failures="0" tests="1" name="UPSTests.UpsShipTest" time="10.970" errors="0" timestamp="14 May 2020 11:00:13 GMT" skipped="0">
  <testcase classname="UPSTests.UpsShipTest" name="ShippingAccount" time="10.970"/>
</testsuite> <!-- UPSTests.UpsShipTest -->
